<?xml version="1.0" encoding="UTF-8"?>
<!-- Generated by org.testng.reporters.JUnitReportReporter -->
<testsuite hostname="DESKTOP-DVV4711" failures="0" tests="1" name="com.qa.tests.PostApiTest" time="5.355" errors="0" timestamp="30 Jun 2020 10:21:52 GMT" skipped="0">
  <testcase classname="com.qa.tests.PostApiTest" name="postApiTest" time="5.355"/>
</testsuite> <!-- com.qa.tests.PostApiTest -->
