<?xml version="1.0" encoding="UTF-8"?>
<!-- Generated by org.testng.reporters.JUnitReportReporter -->
<testsuite hostname="DESKTOP-DVV4711" failures="0" tests="2" name="com.qa.tests.GetApiTest" time="1.546" errors="0" timestamp="30 Jun 2020 08:17:17 GMT" skipped="0">
  <testcase classname="com.qa.tests.GetApiTest" name="getTestwithoutHeader" time="1.272"/>
  <testcase classname="com.qa.tests.GetApiTest" name="getTestwithHeader" time="0.274"/>
</testsuite> <!-- com.qa.tests.GetApiTest -->
